2024-10-23T17:10:03.295Z [INFO]: Server running on port 3000
2024-10-23T17:10:08.067Z [INFO]: GET / - HTTP/1.1 - Mozilla/5.0 (Windows NT 10.0; Win64; x64) AppleWebKit/537.36 (KHTML, like Gecko) Chrome/130.0.0.0 Safari/537.36
2024-10-23T17:10:08.091Z [INFO]: GET /favicon.ico - HTTP/1.1 - Mozilla/5.0 (Windows NT 10.0; Win64; x64) AppleWebKit/537.36 (KHTML, like Gecko) Chrome/130.0.0.0 Safari/537.36
2024-10-23T17:10:20.139Z [INFO]: GET / - HTTP/1.1 - Mozilla/5.0 (Windows NT 10.0; Win64; x64) AppleWebKit/537.36 (KHTML, like Gecko) Chrome/130.0.0.0 Safari/537.36
2024-10-23T17:10:23.661Z [INFO]: GET / - HTTP/1.1 - Mozilla/5.0 (Windows NT 10.0; Win64; x64) AppleWebKit/537.36 (KHTML, like Gecko) Chrome/130.0.0.0 Safari/537.36
2024-10-23T17:10:26.475Z [INFO]: GET / - HTTP/1.1 - Mozilla/5.0 (Windows NT 10.0; Win64; x64) AppleWebKit/537.36 (KHTML, like Gecko) Chrome/130.0.0.0 Safari/537.36
2024-10-23T17:33:22.910Z [INFO]: Server running on port 3000
2024-10-23T17:33:45.640Z [INFO]: GET /users - HTTP/1.1 - PostmanRuntime/7.37.0
2024-10-23T17:33:45.749Z [ERROR]: Failed to fetch users: res.status is not a function
2024-10-23T17:34:09.247Z [INFO]: Server running on port 3000
2024-10-23T17:34:12.526Z [INFO]: GET / - HTTP/1.1 - Mozilla/5.0 (Windows NT 10.0; Win64; x64) AppleWebKit/537.36 (KHTML, like Gecko) Chrome/130.0.0.0 Safari/537.36
2024-10-23T17:34:19.294Z [INFO]: GET / - HTTP/1.1 - PostmanRuntime/7.37.0
2024-10-23T17:34:23.041Z [INFO]: GET /users - HTTP/1.1 - PostmanRuntime/7.37.0
2024-10-23T17:34:23.131Z [ERROR]: Failed to fetch users: res.status is not a function
2024-10-23T17:36:16.631Z [INFO]: Server running on port 3000
2024-10-23T17:36:21.556Z [INFO]: GET /users - HTTP/1.1 - PostmanRuntime/7.37.0
2024-10-23T17:36:51.433Z [INFO]: GET /users/1 - HTTP/1.1 - PostmanRuntime/7.37.0
2024-10-23T17:36:54.458Z [INFO]: GET /users/4 - HTTP/1.1 - PostmanRuntime/7.37.0
2024-10-23T17:36:59.548Z [INFO]: GET /users/2 - HTTP/1.1 - PostmanRuntime/7.37.0
2024-10-23T17:37:00.684Z [INFO]: GET /users/1 - HTTP/1.1 - PostmanRuntime/7.37.0
2024-10-23T17:38:27.288Z [INFO]: POST /users - HTTP/1.1 - PostmanRuntime/7.37.0
2024-10-23T17:38:27.290Z [ERROR]: Failed to create user: data and salt arguments required
2024-10-23T17:39:49.566Z [INFO]: POST /users - HTTP/1.1 - PostmanRuntime/7.37.0
2024-10-23T17:39:49.713Z [INFO]: User johndoe@example.com created successfully
2024-10-23T17:39:55.259Z [INFO]: GET / - HTTP/1.1 - Mozilla/5.0 (Windows NT 10.0; Win64; x64) AppleWebKit/537.36 (KHTML, like Gecko) Chrome/130.0.0.0 Safari/537.36
2024-10-23T17:40:29.992Z [INFO]: POST /users - HTTP/1.1 - PostmanRuntime/7.37.0
2024-10-23T17:40:30.134Z [ERROR]: Failed to create user: Duplicate entry 'johndoe@example.com' for key 'users.email'
2024-10-23T17:40:40.969Z [INFO]: POST /users - HTTP/1.1 - PostmanRuntime/7.37.0
2024-10-23T17:40:41.114Z [INFO]: User jsdsad@example.com created successfully
2024-10-23T17:44:17.569Z [INFO]: POST /users - HTTP/1.1 - PostmanRuntime/7.37.0
2024-10-23T17:44:17.711Z [ERROR]: Failed to create user: Duplicate entry 'jsdsad@example.com' for key 'users.email'
2024-10-23T17:46:03.250Z [INFO]: PUT /users/8 - HTTP/1.1 - PostmanRuntime/7.37.0
2024-10-23T17:46:03.556Z [INFO]: User 8 updated successfully
2024-10-23T17:46:17.888Z [INFO]: PUT /users/8 - HTTP/1.1 - PostmanRuntime/7.37.0
2024-10-23T17:46:18.116Z [INFO]: User 8 updated successfully
2024-10-23T17:46:31.642Z [INFO]: PUT /users/8 - HTTP/1.1 - PostmanRuntime/7.37.0
2024-10-23T17:46:31.820Z [INFO]: User 8 updated successfully
2024-10-23T17:48:56.070Z [INFO]: Server running on port 3000
2024-10-23T17:49:45.641Z [INFO]: PUT /users/10 - HTTP/1.1 - PostmanRuntime/7.37.0
2024-10-23T17:49:45.835Z [INFO]: User 10 updated successfully
2024-10-23T17:50:33.643Z [INFO]: DELETE /users/10 - HTTP/1.1 - PostmanRuntime/7.37.0
2024-10-23T17:50:33.830Z [INFO]: User 10 deleted successfully
2024-10-23T17:50:50.459Z [INFO]: DELETE /users/10 - HTTP/1.1 - PostmanRuntime/7.37.0
2024-10-23T17:50:56.412Z [INFO]: DELETE /users/8 - HTTP/1.1 - PostmanRuntime/7.37.0
2024-10-23T17:50:56.615Z [INFO]: User 8 deleted successfully
2024-10-23T17:51:55.633Z [INFO]: DELETE /users/8 - HTTP/1.1 - PostmanRuntime/7.37.0
2024-10-23T17:52:07.872Z [INFO]: GET / - HTTP/1.1 - Mozilla/5.0 (Windows NT 10.0; Win64; x64) AppleWebKit/537.36 (KHTML, like Gecko) Chrome/130.0.0.0 Safari/537.36
2024-10-23T17:52:14.581Z [INFO]: GET / - HTTP/1.1 - PostmanRuntime/7.37.0
2024-10-23T17:52:17.681Z [INFO]: GET /users - HTTP/1.1 - PostmanRuntime/7.37.0
2024-10-23T17:52:20.188Z [INFO]: GET /users/4 - HTTP/1.1 - PostmanRuntime/7.37.0
2024-10-23T17:52:22.113Z [INFO]: GET /users/2 - HTTP/1.1 - PostmanRuntime/7.37.0
2024-10-23T17:52:23.581Z [INFO]: GET /users/1 - HTTP/1.1 - PostmanRuntime/7.37.0
2024-10-23T17:52:56.919Z [INFO]: GET / - HTTP/1.1 - Mozilla/5.0 (Windows NT 10.0; Win64; x64) AppleWebKit/537.36 (KHTML, like Gecko) Chrome/130.0.0.0 Safari/537.36
2024-10-23T17:53:33.974Z [INFO]: POST /users/ - HTTP/1.1 - PostmanRuntime/7.37.0
2024-10-23T17:53:33.974Z [ERROR]: Failed to create user: data and salt arguments required
2024-10-23T17:53:45.303Z [INFO]: POST /users/ - HTTP/1.1 - PostmanRuntime/7.37.0
2024-10-23T17:53:45.303Z [ERROR]: Failed to create user: data and salt arguments required
2024-10-23T17:54:04.064Z [INFO]: POST /users/ - HTTP/1.1 - PostmanRuntime/7.37.0
2024-10-23T17:54:04.217Z [INFO]: User johndoe.com created successfully
2024-10-23T17:54:08.061Z [INFO]: POST /users/ - HTTP/1.1 - PostmanRuntime/7.37.0
2024-10-23T17:54:08.206Z [INFO]: User johndoe created successfully
2024-10-23T17:54:11.897Z [INFO]: POST /users/ - HTTP/1.1 - PostmanRuntime/7.37.0
2024-10-23T17:54:12.061Z [ERROR]: Failed to create user: Duplicate entry 'johndoe' for key 'users.email'
2024-10-23T17:54:18.331Z [INFO]: POST /users/ - HTTP/1.1 - PostmanRuntime/7.37.0
2024-10-23T17:54:18.475Z [INFO]: User johndoei created successfully
2024-10-23T17:54:47.815Z [INFO]: DELETE /users/12 - HTTP/1.1 - PostmanRuntime/7.37.0
2024-10-23T17:54:47.999Z [INFO]: User 12 deleted successfully
2024-10-23T17:54:49.906Z [INFO]: DELETE /users/13 - HTTP/1.1 - PostmanRuntime/7.37.0
2024-10-23T17:54:50.091Z [INFO]: User 13 deleted successfully
2024-10-23T17:54:51.767Z [INFO]: DELETE /users/15 - HTTP/1.1 - PostmanRuntime/7.37.0
2024-10-23T17:54:51.950Z [INFO]: User 15 deleted successfully
2024-10-23T18:00:15.259Z [INFO]: GET / - HTTP/1.1 - Mozilla/5.0 (Windows NT 10.0; Win64; x64) AppleWebKit/537.36 (KHTML, like Gecko) Chrome/130.0.0.0 Safari/537.36
2024-10-26T20:44:33.213Z [INFO]: Server running on port 3000
2024-10-26T20:44:41.846Z [INFO]: GET / - HTTP/1.1 - Mozilla/5.0 (Windows NT 10.0; Win64; x64) AppleWebKit/537.36 (KHTML, like Gecko) Chrome/130.0.0.0 Safari/537.36
2024-10-26T20:44:41.917Z [INFO]: GET /favicon.ico - HTTP/1.1 - Mozilla/5.0 (Windows NT 10.0; Win64; x64) AppleWebKit/537.36 (KHTML, like Gecko) Chrome/130.0.0.0 Safari/537.36
2024-10-26T20:44:46.176Z [INFO]: GET /users/ - HTTP/1.1 - Mozilla/5.0 (Windows NT 10.0; Win64; x64) AppleWebKit/537.36 (KHTML, like Gecko) Chrome/130.0.0.0 Safari/537.36
2024-10-26T21:33:15.472Z [INFO]: Server running on port 3000
2024-10-26T21:33:23.053Z [INFO]: GET /users/ - HTTP/1.1 - Mozilla/5.0 (Windows NT 10.0; Win64; x64) AppleWebKit/537.36 (KHTML, like Gecko) Chrome/130.0.0.0 Safari/537.36
2024-10-26T21:40:17.281Z [INFO]: PUT /users/8 - HTTP/1.1 - PostmanRuntime/7.42.0
2024-10-26T21:44:45.369Z [INFO]: POST /users/login - HTTP/1.1 - PostmanRuntime/7.42.0
2024-10-26T21:44:58.759Z [INFO]: POST /users/login - HTTP/1.1 - PostmanRuntime/7.42.0
2024-10-26T21:45:58.893Z [INFO]: POST /users/login - HTTP/1.1 - PostmanRuntime/7.42.0
2024-10-26T21:46:43.777Z [INFO]: POST /users/login - HTTP/1.1 - PostmanRuntime/7.42.0
2024-10-26T21:46:53.194Z [INFO]: GET /users/ - HTTP/1.1 - Mozilla/5.0 (Windows NT 10.0; Win64; x64) AppleWebKit/537.36 (KHTML, like Gecko) Chrome/130.0.0.0 Safari/537.36
2024-10-26T21:46:55.522Z [INFO]: GET / - HTTP/1.1 - Mozilla/5.0 (Windows NT 10.0; Win64; x64) AppleWebKit/537.36 (KHTML, like Gecko) Chrome/130.0.0.0 Safari/537.36
2024-10-26T21:50:51.268Z [INFO]: POST /users/login - HTTP/1.1 - PostmanRuntime/7.42.0
2024-10-26T21:52:14.979Z [INFO]: Server running on port 3000
2024-10-26T21:52:18.720Z [INFO]: POST /users/login - HTTP/1.1 - PostmanRuntime/7.42.0
2024-10-26T21:54:49.838Z [INFO]: POST /users/login - HTTP/1.1 - PostmanRuntime/7.42.0
2024-10-26T21:55:24.077Z [INFO]: Server running on port 3000
2024-10-26T21:55:26.672Z [INFO]: POST /users/login - HTTP/1.1 - PostmanRuntime/7.42.0
2024-10-26T21:56:49.542Z [INFO]: Server running on port 3000
2024-10-26T21:56:53.342Z [INFO]: POST /users/login - HTTP/1.1 - PostmanRuntime/7.42.0
2024-10-26T21:57:12.028Z [INFO]: POST /users/login - HTTP/1.1 - PostmanRuntime/7.42.0
2024-10-30T15:52:39.665Z [INFO]: Server running on port 3000
2024-10-30T15:53:04.751Z [INFO]: POST /login - HTTP/1.1 - PostmanRuntime/7.37.3
2024-10-30T15:53:11.219Z [INFO]: POST /users/login - HTTP/1.1 - PostmanRuntime/7.37.3
2024-10-30T15:53:31.759Z [INFO]: POST /users/login - HTTP/1.1 - PostmanRuntime/7.37.3
2024-10-30T15:55:31.772Z [INFO]: Server running on port 3000
2024-10-30T15:56:54.664Z [INFO]: Server running on port 3000
2024-10-30T15:56:56.919Z [INFO]: Server running on port 3000
2024-10-30T15:57:05.877Z [INFO]: POST /users/login - HTTP/1.1 - PostmanRuntime/7.37.3
2024-10-30T15:57:11.640Z [INFO]: POST /users/login - HTTP/1.1 - PostmanRuntime/7.37.3
2024-10-30T15:57:13.481Z [INFO]: POST /users/login - HTTP/1.1 - PostmanRuntime/7.37.3
2024-10-30T15:57:45.822Z [INFO]: POST /users/login - HTTP/1.1 - PostmanRuntime/7.37.3
2024-10-30T15:57:48.501Z [INFO]: POST /users/login - HTTP/1.1 - PostmanRuntime/7.37.3
2024-10-30T16:00:03.908Z [INFO]: Server running on port 3000
2024-10-30T16:00:09.367Z [INFO]: Server running on port 3000
2024-10-30T16:00:10.192Z [INFO]: Server running on port 3000
2024-10-30T16:00:12.335Z [INFO]: POST /users/login - HTTP/1.1 - PostmanRuntime/7.37.3
2024-10-30T16:00:16.230Z [INFO]: POST /users/login - HTTP/1.1 - PostmanRuntime/7.37.3
2024-10-30T16:00:19.725Z [INFO]: POST /users/login - HTTP/1.1 - PostmanRuntime/7.37.3
2024-10-30T16:00:22.709Z [INFO]: POST /users/login - HTTP/1.1 - PostmanRuntime/7.37.3
2024-10-30T16:00:29.247Z [INFO]: GET /users/15 - HTTP/1.1 - PostmanRuntime/7.37.3
2024-10-30T16:00:45.798Z [INFO]: POST /users/login - HTTP/1.1 - PostmanRuntime/7.37.3
2024-10-30T16:01:34.536Z [INFO]: GET /users/15 - HTTP/1.1 - PostmanRuntime/7.37.3
2024-10-30T16:01:41.236Z [INFO]: Server running on port 3000
2024-10-30T16:01:46.931Z [INFO]: GET /users/15 - HTTP/1.1 - PostmanRuntime/7.37.3
2024-10-30T16:01:47.961Z [INFO]: GET /users/15 - HTTP/1.1 - PostmanRuntime/7.37.3
2024-10-30T16:01:52.969Z [INFO]: GET /users/1 - HTTP/1.1 - PostmanRuntime/7.37.3
2024-10-30T16:02:03.840Z [INFO]: GET /users/2 - HTTP/1.1 - PostmanRuntime/7.37.3
2024-10-30T16:02:07.243Z [INFO]: GET /users/3 - HTTP/1.1 - PostmanRuntime/7.37.3
2024-10-30T16:02:17.701Z [INFO]: Server running on port 3000
2024-10-30T16:02:23.344Z [INFO]: Server running on port 3000
2024-10-30T16:08:09.852Z [INFO]: Server running on port 3000
2024-10-30T16:08:43.742Z [INFO]: POST /users/login - HTTP/1.1 - PostmanRuntime/7.37.3
2024-10-30T16:08:51.104Z [INFO]: POST /users/login - HTTP/1.1 - PostmanRuntime/7.37.3
2024-10-30T16:08:54.316Z [INFO]: POST /users/login - HTTP/1.1 - PostmanRuntime/7.37.3
2024-10-30T16:09:11.542Z [INFO]: GET /users/ - HTTP/1.1 - PostmanRuntime/7.37.3
2024-10-30T16:09:47.838Z [INFO]: GET /users/usersAllInfo - HTTP/1.1 - PostmanRuntime/7.37.3
2024-10-30T16:10:08.682Z [INFO]: POST /users/login - HTTP/1.1 - PostmanRuntime/7.37.3
2024-10-30T16:10:18.033Z [INFO]: GET /users/usersAllInfo - HTTP/1.1 - PostmanRuntime/7.37.3
2024-10-30T16:11:39.933Z [INFO]: Server running on port 3000
2024-10-30T16:11:46.524Z [INFO]: Server running on port 3000
2024-10-30T16:12:00.806Z [INFO]: Server running on port 3000
2024-10-30T16:17:10.434Z [INFO]: Server running on port 3000
2024-10-30T16:17:19.334Z [INFO]: Server running on port 3000
2024-10-30T16:17:51.828Z [INFO]: Server running on port 3000
2024-10-30T16:18:01.447Z [INFO]: Server running on port 3000
2024-10-30T16:18:58.772Z [INFO]: Server running on port 3000
2024-10-30T16:19:05.462Z [INFO]: Server running on port 3000
2024-10-30T16:19:20.792Z [INFO]: Server running on port 3000
2024-10-30T16:19:29.247Z [INFO]: Server running on port 3000
2024-10-30T16:19:46.928Z [INFO]: Server running on port 3000
2024-10-30T16:20:45.537Z [INFO]: Server running on port 3000
2024-10-30T16:21:12.746Z [INFO]: Server running on port 3000
2024-10-30T16:21:14.807Z [INFO]: Server running on port 3000
2024-10-30T16:21:46.256Z [INFO]: Server running on port 3000
2024-10-30T16:21:53.358Z [INFO]: Server running on port 3000
2024-10-30T16:22:10.256Z [INFO]: Server running on port 3000
2024-10-30T16:22:42.391Z [INFO]: Server running on port 3000
2024-10-30T16:22:50.786Z [INFO]: Server running on port 3000
2024-10-30T16:23:07.657Z [INFO]: Server running on port 3000
2024-10-30T16:23:24.924Z [INFO]: Server running on port 3000
2024-10-30T16:23:26.416Z [INFO]: Server running on port 3000
2024-10-30T16:23:30.682Z [INFO]: POST /users/login - HTTP/1.1 - PostmanRuntime/7.37.3
2024-10-30T16:23:57.907Z [INFO]: GET /users/all-info - HTTP/1.1 - PostmanRuntime/7.37.3
2024-10-30T16:25:00.962Z [INFO]: GET /users/all-info - HTTP/1.1 - PostmanRuntime/7.37.3
2024-10-30T16:25:06.903Z [INFO]: GET /users/all-info/1 - HTTP/1.1 - PostmanRuntime/7.37.3
2024-10-30T16:25:16.573Z [INFO]: GET /users/all-info/2 - HTTP/1.1 - PostmanRuntime/7.37.3
2024-10-30T16:25:22.851Z [INFO]: GET /users/all-info/3 - HTTP/1.1 - PostmanRuntime/7.37.3
2024-10-30T16:25:35.366Z [INFO]: GET /users/all-info/16 - HTTP/1.1 - PostmanRuntime/7.37.3
2024-10-30T16:25:58.525Z [INFO]: GET /users/all-info/John%20Doe - HTTP/1.1 - PostmanRuntime/7.37.3
2024-10-30T16:26:03.226Z [INFO]: GET /users/all-info/JohnDoe - HTTP/1.1 - PostmanRuntime/7.37.3
2024-10-30T16:26:09.871Z [INFO]: GET /users/all-info/ShehabKharaz - HTTP/1.1 - PostmanRuntime/7.37.3
2024-10-30T16:26:13.370Z [INFO]: GET /users/all-info/Shehab%20Kharaz - HTTP/1.1 - PostmanRuntime/7.37.3
2024-10-30T16:26:46.376Z [INFO]: GET /users/all-info/ - HTTP/1.1 - PostmanRuntime/7.37.3
2024-10-30T16:26:56.010Z [INFO]: GET /users/all-info/name - HTTP/1.1 - PostmanRuntime/7.37.3
2024-10-30T16:27:05.450Z [INFO]: GET /users/all-info/name - HTTP/1.1 - PostmanRuntime/7.37.3
2024-10-30T16:27:17.723Z [INFO]: GET /users/all-info/:name - HTTP/1.1 - PostmanRuntime/7.37.3
2024-10-30T16:27:44.239Z [INFO]: Server running on port 3000
2024-10-30T16:27:45.698Z [INFO]: GET /users/all-info/:name - HTTP/1.1 - PostmanRuntime/7.37.3
2024-10-30T16:27:57.199Z [INFO]: GET /users/all-info/Shehab - HTTP/1.1 - PostmanRuntime/7.37.3
2024-10-30T16:28:52.254Z [INFO]: Server running on port 3000
2024-10-30T16:29:00.998Z [INFO]: GET /users/all-info - HTTP/1.1 - PostmanRuntime/7.37.3
2024-10-30T16:29:42.926Z [INFO]: GET /users/all-info - HTTP/1.1 - PostmanRuntime/7.37.3
2024-10-30T16:29:47.578Z [INFO]: GET /users/all-info - HTTP/1.1 - PostmanRuntime/7.37.3
2024-10-30T16:29:51.954Z [INFO]: GET /users/all-info - HTTP/1.1 - PostmanRuntime/7.37.3
2024-10-30T16:29:55.349Z [INFO]: Server running on port 3000
2024-10-30T16:29:56.846Z [INFO]: GET /users/all-info - HTTP/1.1 - PostmanRuntime/7.37.3
2024-10-30T16:30:02.133Z [INFO]: GET /users/all-info - HTTP/1.1 - PostmanRuntime/7.37.3
2024-10-30T16:30:24.138Z [INFO]: Server running on port 3000
2024-10-30T16:30:25.101Z [INFO]: GET /users/all-info - HTTP/1.1 - PostmanRuntime/7.37.3
2024-10-30T16:30:29.455Z [INFO]: GET /users/all-info - HTTP/1.1 - PostmanRuntime/7.37.3
2024-10-30T16:30:58.353Z [INFO]: Server running on port 3000
2024-10-30T16:30:59.470Z [INFO]: GET /users/all-info - HTTP/1.1 - PostmanRuntime/7.37.3
2024-10-30T16:31:08.349Z [INFO]: Server running on port 3000
2024-10-30T16:31:12.702Z [INFO]: Server running on port 3000
2024-10-30T16:31:14.005Z [INFO]: GET /users/all-info - HTTP/1.1 - PostmanRuntime/7.37.3
2024-10-30T16:31:32.019Z [INFO]: GET /users/all-info - HTTP/1.1 - PostmanRuntime/7.37.3
2024-10-30T16:31:48.524Z [INFO]: Server running on port 3000
2024-10-30T16:31:59.201Z [INFO]: Server running on port 3000
2024-10-30T16:32:04.340Z [INFO]: GET /users/all-info - HTTP/1.1 - PostmanRuntime/7.37.3
2024-10-30T16:32:58.900Z [INFO]: Server running on port 3000
2024-10-30T16:33:15.449Z [INFO]: Server running on port 3000
2024-10-30T16:36:18.468Z [INFO]: Server running on port 3000
2024-10-30T16:36:25.990Z [INFO]: Server running on port 3000
2024-10-30T16:37:30.229Z [INFO]: Server running on port 3000
2024-10-30T16:37:59.123Z [INFO]: Server running on port 3000
2024-10-30T16:38:01.457Z [INFO]: Server running on port 3000
2024-10-30T16:42:01.862Z [INFO]: Server running on port 3000
2024-10-30T16:42:03.796Z [INFO]: Server running on port 3000
2024-10-30T16:42:09.930Z [INFO]: GET /users/all-info - HTTP/1.1 - PostmanRuntime/7.37.3
2024-10-30T16:43:12.537Z [INFO]: Server running on port 3000
2024-10-30T16:43:21.080Z [INFO]: Server running on port 3000
2024-10-30T16:43:33.263Z [INFO]: Server running on port 3000
2024-10-30T16:44:29.383Z [INFO]: Server running on port 3000
2024-10-30T16:45:19.862Z [INFO]: Server running on port 3000
2024-10-30T16:45:31.969Z [INFO]: Server running on port 3000
2024-10-30T16:45:47.259Z [INFO]: Server running on port 3000
2024-10-30T16:46:25.086Z [INFO]: Server running on port 3000
2024-10-30T16:47:08.087Z [INFO]: Server running on port 3000
2024-10-30T16:47:13.071Z [INFO]: POST /users/login - HTTP/1.1 - PostmanRuntime/7.37.3
2024-10-30T16:47:19.456Z [INFO]: POST /users/login - HTTP/1.1 - PostmanRuntime/7.37.3
2024-10-30T16:47:58.174Z [INFO]: GET /users/ - HTTP/1.1 - PostmanRuntime/7.37.3
2024-10-30T16:48:12.572Z [INFO]: GET /users/id/1 - HTTP/1.1 - PostmanRuntime/7.37.3
2024-10-30T16:48:16.814Z [INFO]: GET /users/id/2 - HTTP/1.1 - PostmanRuntime/7.37.3
2024-10-30T16:48:20.320Z [INFO]: GET /users/id/4 - HTTP/1.1 - PostmanRuntime/7.37.3
2024-10-30T16:48:29.953Z [INFO]: GET /users/name/Shehab%20Kharaz - HTTP/1.1 - PostmanRuntime/7.37.3
2024-10-30T16:48:33.435Z [INFO]: GET /users/name/Shehab%20Kharaz%20 - HTTP/1.1 - PostmanRuntime/7.37.3
2024-10-30T16:48:35.906Z [INFO]: GET /users/name/ShehabKharaz%20 - HTTP/1.1 - PostmanRuntime/7.37.3
2024-10-30T16:48:40.765Z [INFO]: GET /users/name/Shehab%20kharaz%20 - HTTP/1.1 - PostmanRuntime/7.37.3
2024-10-30T16:48:46.439Z [INFO]: GET /users/name/shehab%20kharaz%20 - HTTP/1.1 - PostmanRuntime/7.37.3
2024-10-30T16:48:55.584Z [INFO]: GET /users/name/abbas%20dweikat - HTTP/1.1 - PostmanRuntime/7.37.3
2024-10-30T16:49:10.433Z [INFO]: GET /users/name/abbas%20dwekat - HTTP/1.1 - PostmanRuntime/7.37.3
2024-10-30T16:49:21.907Z [INFO]: GET /users/all-info - HTTP/1.1 - PostmanRuntime/7.37.3
2024-10-30T16:49:36.445Z [INFO]: GET /users/all-info/name/1 - HTTP/1.1 - PostmanRuntime/7.37.3
2024-10-30T16:49:41.912Z [INFO]: GET /users/all-info/name/shehab%20kharaz - HTTP/1.1 - PostmanRuntime/7.37.3
2024-10-30T16:49:53.343Z [INFO]: GET /users/all-info/name/abbas%20dwekat - HTTP/1.1 - PostmanRuntime/7.37.3
2024-10-30T16:50:06.134Z [INFO]: GET /users/all-info/id/3 - HTTP/1.1 - PostmanRuntime/7.37.3
2024-10-30T16:50:08.947Z [INFO]: GET /users/all-info/id/2 - HTTP/1.1 - PostmanRuntime/7.37.3
2024-10-30T16:50:15.288Z [INFO]: GET /users/all-info/name/2 - HTTP/1.1 - PostmanRuntime/7.37.3
2024-10-30T16:50:23.934Z [INFO]: POST /users/login - HTTP/1.1 - PostmanRuntime/7.37.3
2024-10-30T16:50:50.921Z [INFO]: POST /users/login - HTTP/1.1 - PostmanRuntime/7.37.3
2024-10-30T16:50:54.068Z [INFO]: POST /users/login - HTTP/1.1 - PostmanRuntime/7.37.3
2024-10-30T16:50:56.391Z [INFO]: POST /users/login - HTTP/1.1 - PostmanRuntime/7.37.3
2024-10-30T16:51:13.810Z [INFO]: GET /users/all-info/name/2 - HTTP/1.1 - PostmanRuntime/7.37.3
2024-10-30T16:51:29.669Z [INFO]: Server running on port 3000
2024-10-30T16:51:32.201Z [INFO]: Server running on port 3000
2024-10-30T16:52:00.176Z [INFO]: Server running on port 3000
2024-10-30T16:52:22.292Z [INFO]: GET /users/ - HTTP/1.1 - PostmanRuntime/7.37.3
2024-10-30T16:52:24.701Z [INFO]: GET /users/2 - HTTP/1.1 - PostmanRuntime/7.37.3
2024-10-30T16:52:49.508Z [INFO]: GET /users/name/shehab - HTTP/1.1 - PostmanRuntime/7.37.3
2024-10-30T16:52:52.327Z [INFO]: GET /users/name/shehab%20kharaz - HTTP/1.1 - PostmanRuntime/7.37.3
2024-10-30T16:53:06.075Z [INFO]: Server running on port 3000
2024-10-30T16:53:13.253Z [INFO]: Server running on port 3000
2024-10-30T16:53:42.442Z [INFO]: Server running on port 3000
2024-10-30T16:53:54.672Z [INFO]: Server running on port 3000
2024-10-30T16:53:55.979Z [INFO]: Server running on port 3000
